<?xml version="1.0" encoding="UTF-8"?>
<!-- Generated by org.testng.reporters.JUnitXMLReporter -->
<testsuite hostname="LAPTOP-D2GVCL39" ignored="4" name="Regression" tests="4" failures="0" timestamp="2022-12-02T21:26:41 IST" time="0.1" errors="0">
  <testcase name="toVerifyUserCanLoginWithValidUserNameAndPassword" time="0.006" classname="annotations.AnnotationClass"/>
  <testcase name="toVerifyUserCanNotLoginWithInvalidCredentials" time="0.002" classname="annotations.AnnotationClass"/>
  <testcase name="verifyUserCanBeAdded" time="0.002" classname="annotations.AnnotationClass2"/>
  <testcase name="verifyUserCanBeEdited" time="0.002" classname="annotations.AnnotationClass2"/>
  <testcase name="@AfterSuite afterSuiteAnnotation" time="0.0" classname="testbase.TestBase">
    <ignored/>
  </testcase> <!-- @AfterSuite afterSuiteAnnotation -->
  <testcase name="@AfterTest afterTestAnnotation" time="0.0" classname="testbase.TestBase">
    <ignored/>
  </testcase> <!-- @AfterTest afterTestAnnotation -->
  <testcase name="@BeforeSuite beforeSuiteAnnotation" time="0.0" classname="testbase.TestBase">
    <ignored/>
  </testcase> <!-- @BeforeSuite beforeSuiteAnnotation -->
  <testcase name="@BeforeTest beforeTestAnnotation" time="0.0" classname="testbase.TestBase">
    <ignored/>
  </testcase> <!-- @BeforeTest beforeTestAnnotation -->
</testsuite> <!-- Regression -->
